2022.01.30 21:01:08 INFO  tracing is disabled for protocol LSP, to enable tracing of incoming and outgoing JSON messages create an empty file at c:\Users\efaso\Documents\Git_Repo\flask_mvc\.metals\lsp.trace.json or C:\Users\efaso\AppData\Local\scalameta\metals\cache\lsp.trace.json
2022.01.30 21:01:09 INFO  logging to file C:\Users\efaso\Documents\Git_Repo\flask_mvc\.metals\metals.log
2022.01.30 21:01:09 INFO  Started: Metals version 0.11.1 in workspace 'C:\Users\efaso\Documents\Git_Repo\flask_mvc' for client Visual Studio Code 1.63.2.
2022.01.30 21:01:09 INFO  Parse release: 11.0.11
2022.01.30 21:02:53 INFO  time: initialize in 1m43s
2022.01.30 21:02:53 WARN  Build server is not auto-connectable.
2022.01.30 21:02:53 WARN  no build tool detected in workspace 'C:\Users\efaso\Documents\Git_Repo\flask_mvc'. The most common cause for this problem is that the editor was opened in the wrong working directory, for example if you use sbt then the workspace directory should contain build.sbt. 
2022.01.30 21:02:54 WARN  no build target for: C:\Users\efaso\Documents\Git_Repo\flask_mvc\learn.sc
2022.01.30 21:06:19 INFO  no build target found for C:\Users\efaso\Documents\Git_Repo\flask_mvc\learn.sc. Using presentation compiler with project's scala-library version: 3.1.0
2022.01.30 21:06:21 INFO  time: code lens generation in 3m26s
2022.01.30 21:06:21 INFO  time: code lens generation in 3m26s
2022.01.30 21:06:21 INFO  time: code lens generation in 3m26s
Jan 30, 2022 9:06:21 PM org.eclipse.lsp4j.jsonrpc.RemoteEndpoint handleCancellation
WARNING: Unmatched cancel notification for request id 9
2022.01.30 21:06:21 WARN  no build target for: C:\Users\efaso\Documents\Git_Repo\flask_mvc\learn.sc
2022.01.30 21:07:41 WARN  Error importing Ammonite script C:\Users\efaso\Documents\Git_Repo\flask_mvc\learn.sc
java.lang.Exception: java executable not found
	at ammrunner.Command$.javaPath(Command.scala:74)
	at ammrunner.Command$Jvm$.fork(Command.scala:165)
	at ammrunner.Command.runBg(Command.scala:24)
	at scala.meta.internal.metals.ammonite.Ammonite$.$anonfun$socketConn$1(Ammonite.scala:426)
	at scala.concurrent.Future$.$anonfun$apply$1(Future.scala:659)
	at scala.util.Success.$anonfun$map$1(Try.scala:255)
	at scala.util.Success.map(Try.scala:213)
	at scala.concurrent.Future.$anonfun$map$1(Future.scala:292)
	at scala.concurrent.impl.Promise.liftedTree1$1(Promise.scala:33)
	at scala.concurrent.impl.Promise.$anonfun$transform$1(Promise.scala:33)
	at scala.concurrent.impl.CallbackRunnable.run(Promise.scala:64)
	at java.util.concurrent.ThreadPoolExecutor.runWorker(ThreadPoolExecutor.java:1128)
	at java.util.concurrent.ThreadPoolExecutor$Worker.run(ThreadPoolExecutor.java:628)
	at java.lang.Thread.run(Thread.java:829)

2022.01.30 21:09:12 WARN  no build target for: C:\Users\efaso\Documents\Git_Repo\flask_mvc\learn.sc
2022.01.30 21:23:50 WARN  no build target for: C:\Users\efaso\Documents\Git_Repo\flask_mvc\learn.sc
